
*** Running vivado
    with args -log blink.vdi -applog -m64 -product Vivado -messageDb vivado.pb -mode batch -source blink.tcl -notrace


****** Vivado v2019.2 (64-bit)
  **** SW Build 2708876 on Wed Nov  6 21:39:14 MST 2019
  **** IP Build 2700528 on Thu Nov  7 00:09:20 MST 2019
    ** Copyright 1986-2019 Xilinx, Inc. All Rights Reserved.

source blink.tcl -notrace
Command: link_design -top blink -part xc7z020clg400-1
Design is defaulting to srcset: sources_1
Design is defaulting to constrset: constrs_1
INFO: [Device 21-403] Loading part xc7z020clg400-1
Netlist sorting complete. Time (s): cpu = 00:00:00 ; elapsed = 00:00:00 . Memory (MB): peak = 1794.844 ; gain = 0.000 ; free physical = 599 ; free virtual = 3954
INFO: [Netlist 29-17] Analyzing 8 Unisim elements for replacement
INFO: [Netlist 29-28] Unisim Transformation completed in 0 CPU seconds
INFO: [Project 1-479] Netlist was created with Vivado 2019.2
INFO: [Project 1-570] Preparing netlist for logic optimization
Parsing XDC File [/home/javier/Documents/laboratorydigitalverilog/3_BlinkLed/3_BlinkLed.srcs/constrs_1/new/blinkConstraint.xdc]
Finished Parsing XDC File [/home/javier/Documents/laboratorydigitalverilog/3_BlinkLed/3_BlinkLed.srcs/constrs_1/new/blinkConstraint.xdc]
INFO: [Opt 31-138] Pushed 0 inverter(s) to 0 load pin(s).
Netlist sorting complete. Time (s): cpu = 00:00:00 ; elapsed = 00:00:00 . Memory (MB): peak = 1945.301 ; gain = 0.000 ; free physical = 500 ; free virtual = 3855
INFO: [Project 1-111] Unisim Transformation Summary:
No Unisim elements were transformed.

7 Infos, 0 Warnings, 0 Critical Warnings and 0 Errors encountered.
link_design completed successfully
link_design: Time (s): cpu = 00:00:05 ; elapsed = 00:00:10 . Memory (MB): peak = 1949.270 ; gain = 426.871 ; free physical = 501 ; free virtual = 3856
Command: opt_design
Attempting to get a license for feature 'Implementation' and/or device 'xc7z020'
INFO: [Common 17-349] Got license for feature 'Implementation' and/or device 'xc7z020'
Running DRC as a precondition to command opt_design

Starting DRC Task
INFO: [DRC 23-27] Running DRC with 8 threads
INFO: [Project 1-461] DRC finished with 0 Errors
INFO: [Project 1-462] Please refer to the DRC report (report_drc) for more information.

Time (s): cpu = 00:00:01 ; elapsed = 00:00:02 . Memory (MB): peak = 2126.363 ; gain = 177.094 ; free physical = 497 ; free virtual = 3853

Starting Cache Timing Information Task
INFO: [Timing 38-35] Done setting XDC timing constraints.
Ending Cache Timing Information Task | Checksum: 1a10a4761

Time (s): cpu = 00:00:06 ; elapsed = 00:00:09 . Memory (MB): peak = 2476.348 ; gain = 349.984 ; free physical = 142 ; free virtual = 3499

Starting Logic Optimization Task

Phase 1 Retarget
INFO: [Opt 31-138] Pushed 0 inverter(s) to 0 load pin(s).
INFO: [Opt 31-49] Retargeted 0 cell(s).
Phase 1 Retarget | Checksum: 1a10a4761

Time (s): cpu = 00:00:00.01 ; elapsed = 00:00:00.09 . Memory (MB): peak = 2633.285 ; gain = 0.000 ; free physical = 171 ; free virtual = 3367
INFO: [Opt 31-389] Phase Retarget created 0 cells and removed 0 cells

Phase 2 Constant propagation
INFO: [Opt 31-138] Pushed 0 inverter(s) to 0 load pin(s).
Phase 2 Constant propagation | Checksum: 1a10a4761

Time (s): cpu = 00:00:00.01 ; elapsed = 00:00:00.09 . Memory (MB): peak = 2633.285 ; gain = 0.000 ; free physical = 171 ; free virtual = 3367
INFO: [Opt 31-389] Phase Constant propagation created 0 cells and removed 0 cells

Phase 3 Sweep
Phase 3 Sweep | Checksum: 1cf89aaea

Time (s): cpu = 00:00:00.02 ; elapsed = 00:00:00.12 . Memory (MB): peak = 2633.285 ; gain = 0.000 ; free physical = 169 ; free virtual = 3368
INFO: [Opt 31-389] Phase Sweep created 0 cells and removed 0 cells

Phase 4 BUFG optimization
INFO: [Opt 31-1112] Starts optimizing BUFG(s) with a common MMCM/DPLL/XPLL driver.
INFO: [Opt 31-1112] Starts optimizing BUFG(s) with a common driver.
INFO: [Opt 31-1092] Phase BUFG optimization transformed 0 BUFG(s) to MBUFG(s).
Phase 4 BUFG optimization | Checksum: 1cf89aaea

Time (s): cpu = 00:00:00.02 ; elapsed = 00:00:00.13 . Memory (MB): peak = 2633.285 ; gain = 0.000 ; free physical = 169 ; free virtual = 3368
INFO: [Opt 31-662] Phase BUFG optimization created 0 cells of which 0 are BUFGs and removed 0 cells.

Phase 5 Shift Register Optimization
INFO: [Opt 31-1064] SRL Remap converted 0 SRLs to 0 registers and converted 0 registers of register chains to 0 SRLs
Phase 5 Shift Register Optimization | Checksum: 1cf89aaea

Time (s): cpu = 00:00:00.03 ; elapsed = 00:00:00.16 . Memory (MB): peak = 2633.285 ; gain = 0.000 ; free physical = 169 ; free virtual = 3369
INFO: [Opt 31-389] Phase Shift Register Optimization created 0 cells and removed 0 cells

Phase 6 Post Processing Netlist
Phase 6 Post Processing Netlist | Checksum: 1cf89aaea

Time (s): cpu = 00:00:00.03 ; elapsed = 00:00:00.16 . Memory (MB): peak = 2633.285 ; gain = 0.000 ; free physical = 169 ; free virtual = 3369
INFO: [Opt 31-389] Phase Post Processing Netlist created 0 cells and removed 0 cells
Opt_design Change Summary
=========================


-------------------------------------------------------------------------------------------------------------------------
|  Phase                        |  #Cells created  |  #Cells Removed  |  #Constrained objects preventing optimizations  |
-------------------------------------------------------------------------------------------------------------------------
|  Retarget                     |               0  |               0  |                                              0  |
|  Constant propagation         |               0  |               0  |                                              0  |
|  Sweep                        |               0  |               0  |                                              0  |
|  BUFG optimization            |               0  |               0  |                                              0  |
|  Shift Register Optimization  |               0  |               0  |                                              0  |
|  Post Processing Netlist      |               0  |               0  |                                              0  |
-------------------------------------------------------------------------------------------------------------------------



Starting Connectivity Check Task

Time (s): cpu = 00:00:00 ; elapsed = 00:00:00 . Memory (MB): peak = 2633.285 ; gain = 0.000 ; free physical = 169 ; free virtual = 3369
Ending Logic Optimization Task | Checksum: 1c5c513df

Time (s): cpu = 00:00:00.04 ; elapsed = 00:00:00.17 . Memory (MB): peak = 2633.285 ; gain = 0.000 ; free physical = 168 ; free virtual = 3368

Starting Power Optimization Task
INFO: [Pwropt 34-132] Skipping clock gating for clocks with a period < 2.00 ns.
Ending Power Optimization Task | Checksum: 1c5c513df

Time (s): cpu = 00:00:00.01 ; elapsed = 00:00:00.04 . Memory (MB): peak = 2633.285 ; gain = 0.000 ; free physical = 167 ; free virtual = 3371

Starting Final Cleanup Task
Ending Final Cleanup Task | Checksum: 1c5c513df

Time (s): cpu = 00:00:00 ; elapsed = 00:00:00 . Memory (MB): peak = 2633.285 ; gain = 0.000 ; free physical = 167 ; free virtual = 3371

Starting Netlist Obfuscation Task
Netlist sorting complete. Time (s): cpu = 00:00:00 ; elapsed = 00:00:00 . Memory (MB): peak = 2633.285 ; gain = 0.000 ; free physical = 167 ; free virtual = 3371
Ending Netlist Obfuscation Task | Checksum: 1c5c513df

Time (s): cpu = 00:00:00 ; elapsed = 00:00:00 . Memory (MB): peak = 2633.285 ; gain = 0.000 ; free physical = 167 ; free virtual = 3371
INFO: [Common 17-83] Releasing license: Implementation
27 Infos, 0 Warnings, 0 Critical Warnings and 0 Errors encountered.
opt_design completed successfully
opt_design: Time (s): cpu = 00:00:09 ; elapsed = 00:00:12 . Memory (MB): peak = 2633.285 ; gain = 684.016 ; free physical = 167 ; free virtual = 3371
Netlist sorting complete. Time (s): cpu = 00:00:00 ; elapsed = 00:00:00 . Memory (MB): peak = 2633.285 ; gain = 0.000 ; free physical = 167 ; free virtual = 3371
INFO: [Timing 38-480] Writing timing data to binary archive.
Writing placer database...
Writing XDEF routing.
Writing XDEF routing logical nets.
Writing XDEF routing special nets.
Write XDEF Complete: Time (s): cpu = 00:00:00.02 ; elapsed = 00:00:00.01 . Memory (MB): peak = 2665.301 ; gain = 0.000 ; free physical = 162 ; free virtual = 3380
INFO: [Common 17-1381] The checkpoint '/home/javier/Documents/laboratorydigitalverilog/3_BlinkLed/3_BlinkLed.runs/impl_1/blink_opt.dcp' has been generated.
INFO: [runtcl-4] Executing : report_drc -file blink_drc_opted.rpt -pb blink_drc_opted.pb -rpx blink_drc_opted.rpx
Command: report_drc -file blink_drc_opted.rpt -pb blink_drc_opted.pb -rpx blink_drc_opted.rpx
INFO: [IP_Flow 19-234] Refreshing IP repositories
INFO: [IP_Flow 19-1704] No user IP repositories specified
INFO: [IP_Flow 19-2313] Loaded Vivado IP repository '/tools/Xilinx/Vivado/2019.2/data/ip'.
INFO: [DRC 23-27] Running DRC with 8 threads
INFO: [Coretcl 2-168] The results of DRC are in file /home/javier/Documents/laboratorydigitalverilog/3_BlinkLed/3_BlinkLed.runs/impl_1/blink_drc_opted.rpt.
report_drc completed successfully
report_drc: Time (s): cpu = 00:00:03 ; elapsed = 00:00:05 . Memory (MB): peak = 2730.102 ; gain = 64.801 ; free physical = 166 ; free virtual = 3363
Command: place_design
Attempting to get a license for feature 'Implementation' and/or device 'xc7z020'
INFO: [Common 17-349] Got license for feature 'Implementation' and/or device 'xc7z020'
INFO: [DRC 23-27] Running DRC with 8 threads
INFO: [Vivado_Tcl 4-198] DRC finished with 0 Errors
INFO: [Vivado_Tcl 4-199] Please refer to the DRC report (report_drc) for more information.
Running DRC as a precondition to command place_design
INFO: [DRC 23-27] Running DRC with 8 threads
INFO: [Vivado_Tcl 4-198] DRC finished with 0 Errors
INFO: [Vivado_Tcl 4-199] Please refer to the DRC report (report_drc) for more information.

Starting Placer Task
INFO: [Place 30-611] Multithreading enabled for place_design using a maximum of 8 CPUs

Phase 1 Placer Initialization

Phase 1.1 Placer Initialization Netlist Sorting
Netlist sorting complete. Time (s): cpu = 00:00:00 ; elapsed = 00:00:00 . Memory (MB): peak = 2730.102 ; gain = 0.000 ; free physical = 156 ; free virtual = 3357
Phase 1.1 Placer Initialization Netlist Sorting | Checksum: 10520a7a8

Time (s): cpu = 00:00:00.02 ; elapsed = 00:00:00.10 . Memory (MB): peak = 2730.102 ; gain = 0.000 ; free physical = 156 ; free virtual = 3357
Netlist sorting complete. Time (s): cpu = 00:00:00 ; elapsed = 00:00:00 . Memory (MB): peak = 2730.102 ; gain = 0.000 ; free physical = 156 ; free virtual = 3357

Phase 1.2 IO Placement/ Clock Placement/ Build Placer Device
INFO: [Timing 38-35] Done setting XDC timing constraints.
Phase 1.2 IO Placement/ Clock Placement/ Build Placer Device | Checksum: 10ffce8cf

Time (s): cpu = 00:00:00.74 ; elapsed = 00:00:00.43 . Memory (MB): peak = 2730.102 ; gain = 0.000 ; free physical = 137 ; free virtual = 3341

Phase 1.3 Build Placer Netlist Model
Phase 1.3 Build Placer Netlist Model | Checksum: 1495f02ca

Time (s): cpu = 00:00:01 ; elapsed = 00:00:00.60 . Memory (MB): peak = 2730.102 ; gain = 0.000 ; free physical = 149 ; free virtual = 3355

Phase 1.4 Constrain Clocks/Macros
Phase 1.4 Constrain Clocks/Macros | Checksum: 1495f02ca

Time (s): cpu = 00:00:01 ; elapsed = 00:00:00.60 . Memory (MB): peak = 2730.102 ; gain = 0.000 ; free physical = 149 ; free virtual = 3355
Phase 1 Placer Initialization | Checksum: 1495f02ca

Time (s): cpu = 00:00:01 ; elapsed = 00:00:00.63 . Memory (MB): peak = 2730.102 ; gain = 0.000 ; free physical = 149 ; free virtual = 3355

Phase 2 Global Placement

Phase 2.1 Floorplanning
Phase 2.1 Floorplanning | Checksum: 1cc51def4

Time (s): cpu = 00:00:02 ; elapsed = 00:00:00.66 . Memory (MB): peak = 2730.102 ; gain = 0.000 ; free physical = 147 ; free virtual = 3354

Phase 2.2 Global Placement Core

Phase 2.2.1 Physical Synthesis In Placer
INFO: [Physopt 32-775] End 1 Pass. Optimized 0 net or cell. Created 0 new cell, deleted 0 existing cell and moved 0 existing cell
INFO: [Physopt 32-65] No nets found for high-fanout optimization.
INFO: [Physopt 32-232] Optimized 0 net. Created 0 new instance.
INFO: [Physopt 32-775] End 1 Pass. Optimized 0 net or cell. Created 0 new cell, deleted 0 existing cell and moved 0 existing cell
INFO: [Physopt 32-670] No setup violation found.  DSP Register Optimization was not performed.
INFO: [Physopt 32-670] No setup violation found.  Shift Register to Pipeline Optimization was not performed.
INFO: [Physopt 32-670] No setup violation found.  Shift Register Optimization was not performed.
INFO: [Physopt 32-670] No setup violation found.  BRAM Register Optimization was not performed.
INFO: [Physopt 32-949] No candidate nets found for HD net replication
INFO: [Physopt 32-775] End 1 Pass. Optimized 0 net or cell. Created 0 new cell, deleted 0 existing cell and moved 0 existing cell
Netlist sorting complete. Time (s): cpu = 00:00:00 ; elapsed = 00:00:00 . Memory (MB): peak = 2733.070 ; gain = 0.000 ; free physical = 156 ; free virtual = 3335

Summary of Physical Synthesis Optimizations
============================================


-----------------------------------------------------------------------------------------------------------------------------------------------------------
|  Optimization                                     |  Added Cells  |  Removed Cells  |  Optimized Cells/Nets  |  Dont Touch  |  Iterations  |  Elapsed   |
-----------------------------------------------------------------------------------------------------------------------------------------------------------
|  LUT Combining                                    |            0  |              0  |                     0  |           0  |           1  |  00:00:00  |
|  Very High Fanout                                 |            0  |              0  |                     0  |           0  |           1  |  00:00:00  |
|  DSP Register                                     |            0  |              0  |                     0  |           0  |           0  |  00:00:00  |
|  Shift Register to Pipeline                       |            0  |              0  |                     0  |           0  |           0  |  00:00:00  |
|  Shift Register                                   |            0  |              0  |                     0  |           0  |           0  |  00:00:00  |
|  BRAM Register                                    |            0  |              0  |                     0  |           0  |           0  |  00:00:00  |
|  Dynamic/Static Region Interface Net Replication  |            0  |              0  |                     0  |           0  |           1  |  00:00:00  |
|  Total                                            |            0  |              0  |                     0  |           0  |           3  |  00:00:00  |
-----------------------------------------------------------------------------------------------------------------------------------------------------------


Phase 2.2.1 Physical Synthesis In Placer | Checksum: 194fb7b95

Time (s): cpu = 00:00:04 ; elapsed = 00:00:02 . Memory (MB): peak = 2733.070 ; gain = 2.969 ; free physical = 156 ; free virtual = 3335
Phase 2.2 Global Placement Core | Checksum: 16d22491c

Time (s): cpu = 00:00:04 ; elapsed = 00:00:02 . Memory (MB): peak = 2733.070 ; gain = 2.969 ; free physical = 156 ; free virtual = 3335
Phase 2 Global Placement | Checksum: 16d22491c

Time (s): cpu = 00:00:04 ; elapsed = 00:00:02 . Memory (MB): peak = 2733.070 ; gain = 2.969 ; free physical = 156 ; free virtual = 3335

Phase 3 Detail Placement

Phase 3.1 Commit Multi Column Macros
Phase 3.1 Commit Multi Column Macros | Checksum: 18d6f3ba6

Time (s): cpu = 00:00:04 ; elapsed = 00:00:02 . Memory (MB): peak = 2733.070 ; gain = 2.969 ; free physical = 156 ; free virtual = 3334

Phase 3.2 Commit Most Macros & LUTRAMs
Phase 3.2 Commit Most Macros & LUTRAMs | Checksum: 14080d1a1

Time (s): cpu = 00:00:04 ; elapsed = 00:00:02 . Memory (MB): peak = 2733.070 ; gain = 2.969 ; free physical = 155 ; free virtual = 3334

Phase 3.3 Area Swap Optimization
Phase 3.3 Area Swap Optimization | Checksum: 82f3349d

Time (s): cpu = 00:00:04 ; elapsed = 00:00:02 . Memory (MB): peak = 2733.070 ; gain = 2.969 ; free physical = 155 ; free virtual = 3334

Phase 3.4 Pipeline Register Optimization
Phase 3.4 Pipeline Register Optimization | Checksum: 82f3349d

Time (s): cpu = 00:00:04 ; elapsed = 00:00:02 . Memory (MB): peak = 2733.070 ; gain = 2.969 ; free physical = 155 ; free virtual = 3334

Phase 3.5 Small Shape Detail Placement
Phase 3.5 Small Shape Detail Placement | Checksum: 1bc4867d8

Time (s): cpu = 00:00:05 ; elapsed = 00:00:02 . Memory (MB): peak = 2733.070 ; gain = 2.969 ; free physical = 152 ; free virtual = 3331

Phase 3.6 Re-assign LUT pins
Phase 3.6 Re-assign LUT pins | Checksum: dc39b727

Time (s): cpu = 00:00:05 ; elapsed = 00:00:02 . Memory (MB): peak = 2733.070 ; gain = 2.969 ; free physical = 152 ; free virtual = 3331

Phase 3.7 Pipeline Register Optimization
Phase 3.7 Pipeline Register Optimization | Checksum: dc39b727

Time (s): cpu = 00:00:05 ; elapsed = 00:00:02 . Memory (MB): peak = 2733.070 ; gain = 2.969 ; free physical = 152 ; free virtual = 3331
Phase 3 Detail Placement | Checksum: dc39b727

Time (s): cpu = 00:00:05 ; elapsed = 00:00:02 . Memory (MB): peak = 2733.070 ; gain = 2.969 ; free physical = 152 ; free virtual = 3331

Phase 4 Post Placement Optimization and Clean-Up

Phase 4.1 Post Commit Optimization
INFO: [Timing 38-35] Done setting XDC timing constraints.

Phase 4.1.1 Post Placement Optimization
Post Placement Optimization Initialization | Checksum: 83e34977

Phase 4.1.1.1 BUFG Insertion
INFO: [Place 46-56] BUFG insertion identified 0 candidate nets. Inserted BUFG: 0, Replicated BUFG Driver: 0, Skipped due to Placement/Routing Conflicts: 0, Skipped due to Timing Degradation: 0, Skipped due to Illegal Netlist: 0.
Phase 4.1.1.1 BUFG Insertion | Checksum: 83e34977

Time (s): cpu = 00:00:05 ; elapsed = 00:00:02 . Memory (MB): peak = 2733.070 ; gain = 2.969 ; free physical = 152 ; free virtual = 3332
INFO: [Place 30-746] Post Placement Timing Summary WNS=4.021. For the most accurate timing information please run report_timing.
Phase 4.1.1 Post Placement Optimization | Checksum: 6a458ffc

Time (s): cpu = 00:00:05 ; elapsed = 00:00:02 . Memory (MB): peak = 2733.070 ; gain = 2.969 ; free physical = 152 ; free virtual = 3332
Phase 4.1 Post Commit Optimization | Checksum: 6a458ffc

Time (s): cpu = 00:00:05 ; elapsed = 00:00:02 . Memory (MB): peak = 2733.070 ; gain = 2.969 ; free physical = 152 ; free virtual = 3332

Phase 4.2 Post Placement Cleanup
Phase 4.2 Post Placement Cleanup | Checksum: 6a458ffc

Time (s): cpu = 00:00:05 ; elapsed = 00:00:02 . Memory (MB): peak = 2733.070 ; gain = 2.969 ; free physical = 153 ; free virtual = 3332

Phase 4.3 Placer Reporting
Phase 4.3 Placer Reporting | Checksum: 6a458ffc

Time (s): cpu = 00:00:05 ; elapsed = 00:00:02 . Memory (MB): peak = 2733.070 ; gain = 2.969 ; free physical = 153 ; free virtual = 3332

Phase 4.4 Final Placement Cleanup
Netlist sorting complete. Time (s): cpu = 00:00:00 ; elapsed = 00:00:00 . Memory (MB): peak = 2733.070 ; gain = 0.000 ; free physical = 153 ; free virtual = 3332
Phase 4.4 Final Placement Cleanup | Checksum: b575ecd1

Time (s): cpu = 00:00:05 ; elapsed = 00:00:02 . Memory (MB): peak = 2733.070 ; gain = 2.969 ; free physical = 153 ; free virtual = 3332
Phase 4 Post Placement Optimization and Clean-Up | Checksum: b575ecd1

Time (s): cpu = 00:00:05 ; elapsed = 00:00:02 . Memory (MB): peak = 2733.070 ; gain = 2.969 ; free physical = 153 ; free virtual = 3333
Ending Placer Task | Checksum: 86b35f3d

Time (s): cpu = 00:00:05 ; elapsed = 00:00:02 . Memory (MB): peak = 2733.070 ; gain = 2.969 ; free physical = 153 ; free virtual = 3333
INFO: [Common 17-83] Releasing license: Implementation
58 Infos, 0 Warnings, 0 Critical Warnings and 0 Errors encountered.
place_design completed successfully
Netlist sorting complete. Time (s): cpu = 00:00:00 ; elapsed = 00:00:00 . Memory (MB): peak = 2733.070 ; gain = 0.000 ; free physical = 169 ; free virtual = 3349
INFO: [Timing 38-480] Writing timing data to binary archive.
Writing placer database...
Writing XDEF routing.
Writing XDEF routing logical nets.
Writing XDEF routing special nets.
Write XDEF Complete: Time (s): cpu = 00:00:00.05 ; elapsed = 00:00:00.02 . Memory (MB): peak = 2733.070 ; gain = 0.000 ; free physical = 167 ; free virtual = 3348
INFO: [Common 17-1381] The checkpoint '/home/javier/Documents/laboratorydigitalverilog/3_BlinkLed/3_BlinkLed.runs/impl_1/blink_placed.dcp' has been generated.
INFO: [runtcl-4] Executing : report_io -file blink_io_placed.rpt
report_io: Time (s): cpu = 00:00:00.10 ; elapsed = 00:00:00.12 . Memory (MB): peak = 2733.070 ; gain = 0.000 ; free physical = 158 ; free virtual = 3338
INFO: [runtcl-4] Executing : report_utilization -file blink_utilization_placed.rpt -pb blink_utilization_placed.pb
INFO: [runtcl-4] Executing : report_control_sets -verbose -file blink_control_sets_placed.rpt
report_control_sets: Time (s): cpu = 00:00:00.04 ; elapsed = 00:00:00.08 . Memory (MB): peak = 2733.070 ; gain = 0.000 ; free physical = 167 ; free virtual = 3347
Command: phys_opt_design
Attempting to get a license for feature 'Implementation' and/or device 'xc7z020'
INFO: [Common 17-349] Got license for feature 'Implementation' and/or device 'xc7z020'
INFO: [Vivado_Tcl 4-383] Design worst setup slack (WNS) is greater than or equal to 0.250 ns. Skipping all physical synthesis optimizations.
INFO: [Vivado_Tcl 4-232] No setup violation found. The netlist was not modified.
INFO: [Common 17-83] Releasing license: Implementation
67 Infos, 0 Warnings, 0 Critical Warnings and 0 Errors encountered.
phys_opt_design completed successfully
Netlist sorting complete. Time (s): cpu = 00:00:00 ; elapsed = 00:00:00 . Memory (MB): peak = 2733.070 ; gain = 0.000 ; free physical = 135 ; free virtual = 3315
INFO: [Timing 38-480] Writing timing data to binary archive.
Writing placer database...
Writing XDEF routing.
Writing XDEF routing logical nets.
Writing XDEF routing special nets.
Write XDEF Complete: Time (s): cpu = 00:00:00.02 ; elapsed = 00:00:00.01 . Memory (MB): peak = 2733.070 ; gain = 0.000 ; free physical = 132 ; free virtual = 3314
INFO: [Common 17-1381] The checkpoint '/home/javier/Documents/laboratorydigitalverilog/3_BlinkLed/3_BlinkLed.runs/impl_1/blink_physopt.dcp' has been generated.
Command: route_design
Attempting to get a license for feature 'Implementation' and/or device 'xc7z020'
INFO: [Common 17-349] Got license for feature 'Implementation' and/or device 'xc7z020'
Running DRC as a precondition to command route_design
INFO: [DRC 23-27] Running DRC with 8 threads
INFO: [Vivado_Tcl 4-198] DRC finished with 0 Errors
INFO: [Vivado_Tcl 4-199] Please refer to the DRC report (report_drc) for more information.


Starting Routing Task
INFO: [Route 35-254] Multithreading enabled for route_design using a maximum of 8 CPUs
Checksum: PlaceDB: 11d08214 ConstDB: 0 ShapeSum: 74e2dd29 RouteDB: 0

Phase 1 Build RT Design
Phase 1 Build RT Design | Checksum: 8d62c0ef

Time (s): cpu = 00:00:15 ; elapsed = 00:00:13 . Memory (MB): peak = 2823.258 ; gain = 0.000 ; free physical = 129 ; free virtual = 3185
Post Restoration Checksum: NetGraph: 508d4728 NumContArr: 3cd579c7 Constraints: 0 Timing: 0

Phase 2 Router Initialization

Phase 2.1 Create Timer
Phase 2.1 Create Timer | Checksum: 8d62c0ef

Time (s): cpu = 00:00:15 ; elapsed = 00:00:13 . Memory (MB): peak = 2823.258 ; gain = 0.000 ; free physical = 129 ; free virtual = 3187

Phase 2.2 Fix Topology Constraints
Phase 2.2 Fix Topology Constraints | Checksum: 8d62c0ef

Time (s): cpu = 00:00:15 ; elapsed = 00:00:13 . Memory (MB): peak = 2838.242 ; gain = 14.984 ; free physical = 117 ; free virtual = 3162

Phase 2.3 Pre Route Cleanup
Phase 2.3 Pre Route Cleanup | Checksum: 8d62c0ef

Time (s): cpu = 00:00:15 ; elapsed = 00:00:13 . Memory (MB): peak = 2838.242 ; gain = 14.984 ; free physical = 119 ; free virtual = 3164
 Number of Nodes with overlaps = 0

Phase 2.4 Update Timing
Phase 2.4 Update Timing | Checksum: 17544e2ff

Time (s): cpu = 00:00:16 ; elapsed = 00:00:13 . Memory (MB): peak = 2864.320 ; gain = 41.062 ; free physical = 142 ; free virtual = 3133
INFO: [Route 35-416] Intermediate Timing Summary | WNS=3.949  | TNS=0.000  | WHS=-0.022 | THS=-0.325 |

Phase 2 Router Initialization | Checksum: 11e435340

Time (s): cpu = 00:00:16 ; elapsed = 00:00:13 . Memory (MB): peak = 2864.320 ; gain = 41.062 ; free physical = 142 ; free virtual = 3133

Router Utilization Summary
  Global Vertical Routing Utilization    = 0 %
  Global Horizontal Routing Utilization  = 0 %
  Routable Net Status*
  *Does not include unroutable nets such as driverless and loadless.
  Run report_route_status for detailed report.
  Number of Failed Nets               = 49
    (Failed Nets is the sum of unrouted and partially routed nets)
  Number of Unrouted Nets             = 49
  Number of Partially Routed Nets     = 0
  Number of Node Overlaps             = 0


Phase 3 Initial Routing
Phase 3 Initial Routing | Checksum: 22c560dc2

Time (s): cpu = 00:00:16 ; elapsed = 00:00:14 . Memory (MB): peak = 2865.324 ; gain = 42.066 ; free physical = 143 ; free virtual = 3127

Phase 4 Rip-up And Reroute

Phase 4.1 Global Iteration 0
 Number of Nodes with overlaps = 0
INFO: [Route 35-416] Intermediate Timing Summary | WNS=3.810  | TNS=0.000  | WHS=N/A    | THS=N/A    |

Phase 4.1 Global Iteration 0 | Checksum: 185fefd29

Time (s): cpu = 00:00:16 ; elapsed = 00:00:14 . Memory (MB): peak = 2865.324 ; gain = 42.066 ; free physical = 144 ; free virtual = 3128
Phase 4 Rip-up And Reroute | Checksum: 185fefd29

Time (s): cpu = 00:00:16 ; elapsed = 00:00:14 . Memory (MB): peak = 2865.324 ; gain = 42.066 ; free physical = 144 ; free virtual = 3128

Phase 5 Delay and Skew Optimization

Phase 5.1 Delay CleanUp
Phase 5.1 Delay CleanUp | Checksum: 185fefd29

Time (s): cpu = 00:00:16 ; elapsed = 00:00:14 . Memory (MB): peak = 2865.324 ; gain = 42.066 ; free physical = 144 ; free virtual = 3128

Phase 5.2 Clock Skew Optimization
Phase 5.2 Clock Skew Optimization | Checksum: 185fefd29

Time (s): cpu = 00:00:16 ; elapsed = 00:00:14 . Memory (MB): peak = 2865.324 ; gain = 42.066 ; free physical = 144 ; free virtual = 3128
Phase 5 Delay and Skew Optimization | Checksum: 185fefd29

Time (s): cpu = 00:00:16 ; elapsed = 00:00:14 . Memory (MB): peak = 2865.324 ; gain = 42.066 ; free physical = 144 ; free virtual = 3128

Phase 6 Post Hold Fix

Phase 6.1 Hold Fix Iter

Phase 6.1.1 Update Timing
Phase 6.1.1 Update Timing | Checksum: 18f91730e

Time (s): cpu = 00:00:16 ; elapsed = 00:00:14 . Memory (MB): peak = 2865.324 ; gain = 42.066 ; free physical = 144 ; free virtual = 3128
INFO: [Route 35-416] Intermediate Timing Summary | WNS=3.981  | TNS=0.000  | WHS=0.247  | THS=0.000  |

Phase 6.1 Hold Fix Iter | Checksum: 18f91730e

Time (s): cpu = 00:00:16 ; elapsed = 00:00:14 . Memory (MB): peak = 2865.324 ; gain = 42.066 ; free physical = 144 ; free virtual = 3128
Phase 6 Post Hold Fix | Checksum: 18f91730e

Time (s): cpu = 00:00:16 ; elapsed = 00:00:14 . Memory (MB): peak = 2865.324 ; gain = 42.066 ; free physical = 144 ; free virtual = 3128

Phase 7 Route finalize

Router Utilization Summary
  Global Vertical Routing Utilization    = 0.00295123 %
  Global Horizontal Routing Utilization  = 0.00135227 %
  Routable Net Status*
  *Does not include unroutable nets such as driverless and loadless.
  Run report_route_status for detailed report.
  Number of Failed Nets               = 0
    (Failed Nets is the sum of unrouted and partially routed nets)
  Number of Unrouted Nets             = 0
  Number of Partially Routed Nets     = 0
  Number of Node Overlaps             = 0

Phase 7 Route finalize | Checksum: 23e72d4e5

Time (s): cpu = 00:00:16 ; elapsed = 00:00:14 . Memory (MB): peak = 2865.324 ; gain = 42.066 ; free physical = 144 ; free virtual = 3128

Phase 8 Verifying routed nets

 Verification completed successfully
Phase 8 Verifying routed nets | Checksum: 23e72d4e5

Time (s): cpu = 00:00:16 ; elapsed = 00:00:14 . Memory (MB): peak = 2865.324 ; gain = 42.066 ; free physical = 143 ; free virtual = 3127

Phase 9 Depositing Routes
Phase 9 Depositing Routes | Checksum: 1cbcc30f9

Time (s): cpu = 00:00:16 ; elapsed = 00:00:14 . Memory (MB): peak = 2865.324 ; gain = 42.066 ; free physical = 143 ; free virtual = 3127

Phase 10 Post Router Timing
INFO: [Route 35-57] Estimated Timing Summary | WNS=3.981  | TNS=0.000  | WHS=0.247  | THS=0.000  |

INFO: [Route 35-327] The final timing numbers are based on the router estimated timing analysis. For a complete and accurate timing signoff, please run report_timing_summary.
Phase 10 Post Router Timing | Checksum: 1cbcc30f9

Time (s): cpu = 00:00:16 ; elapsed = 00:00:14 . Memory (MB): peak = 2865.324 ; gain = 42.066 ; free physical = 143 ; free virtual = 3127
INFO: [Route 35-16] Router Completed Successfully

Time (s): cpu = 00:00:16 ; elapsed = 00:00:14 . Memory (MB): peak = 2865.324 ; gain = 42.066 ; free physical = 178 ; free virtual = 3163

Routing Is Done.
INFO: [Common 17-83] Releasing license: Implementation
81 Infos, 0 Warnings, 0 Critical Warnings and 0 Errors encountered.
route_design completed successfully
route_design: Time (s): cpu = 00:00:17 ; elapsed = 00:00:15 . Memory (MB): peak = 2865.324 ; gain = 132.254 ; free physical = 178 ; free virtual = 3163
Netlist sorting complete. Time (s): cpu = 00:00:00 ; elapsed = 00:00:00 . Memory (MB): peak = 2865.324 ; gain = 0.000 ; free physical = 178 ; free virtual = 3163
INFO: [Timing 38-480] Writing timing data to binary archive.
Writing placer database...
Writing XDEF routing.
Writing XDEF routing logical nets.
Writing XDEF routing special nets.
Write XDEF Complete: Time (s): cpu = 00:00:00.04 ; elapsed = 00:00:00.01 . Memory (MB): peak = 2865.324 ; gain = 0.000 ; free physical = 176 ; free virtual = 3161
INFO: [Common 17-1381] The checkpoint '/home/javier/Documents/laboratorydigitalverilog/3_BlinkLed/3_BlinkLed.runs/impl_1/blink_routed.dcp' has been generated.
INFO: [runtcl-4] Executing : report_drc -file blink_drc_routed.rpt -pb blink_drc_routed.pb -rpx blink_drc_routed.rpx
Command: report_drc -file blink_drc_routed.rpt -pb blink_drc_routed.pb -rpx blink_drc_routed.rpx
INFO: [IP_Flow 19-1839] IP Catalog is up to date.
INFO: [DRC 23-27] Running DRC with 8 threads
INFO: [Coretcl 2-168] The results of DRC are in file /home/javier/Documents/laboratorydigitalverilog/3_BlinkLed/3_BlinkLed.runs/impl_1/blink_drc_routed.rpt.
report_drc completed successfully
INFO: [runtcl-4] Executing : report_methodology -file blink_methodology_drc_routed.rpt -pb blink_methodology_drc_routed.pb -rpx blink_methodology_drc_routed.rpx
Command: report_methodology -file blink_methodology_drc_routed.rpt -pb blink_methodology_drc_routed.pb -rpx blink_methodology_drc_routed.rpx
INFO: [Timing 38-35] Done setting XDC timing constraints.
INFO: [DRC 23-133] Running Methodology with 8 threads
INFO: [Coretcl 2-1520] The results of Report Methodology are in file /home/javier/Documents/laboratorydigitalverilog/3_BlinkLed/3_BlinkLed.runs/impl_1/blink_methodology_drc_routed.rpt.
report_methodology completed successfully
INFO: [runtcl-4] Executing : report_power -file blink_power_routed.rpt -pb blink_power_summary_routed.pb -rpx blink_power_routed.rpx
Command: report_power -file blink_power_routed.rpt -pb blink_power_summary_routed.pb -rpx blink_power_routed.rpx
INFO: [Timing 38-35] Done setting XDC timing constraints.
Running Vector-less Activity Propagation...

Finished Running Vector-less Activity Propagation
93 Infos, 0 Warnings, 0 Critical Warnings and 0 Errors encountered.
report_power completed successfully
INFO: [runtcl-4] Executing : report_route_status -file blink_route_status.rpt -pb blink_route_status.pb
INFO: [runtcl-4] Executing : report_timing_summary -max_paths 10 -file blink_timing_summary_routed.rpt -pb blink_timing_summary_routed.pb -rpx blink_timing_summary_routed.rpx -warn_on_violation 
INFO: [Timing 38-91] UpdateTimingParams: Speed grade: -1, Delay Type: min_max.
INFO: [Timing 38-191] Multithreading enabled for timing update using a maximum of 8 CPUs
INFO: [runtcl-4] Executing : report_incremental_reuse -file blink_incremental_reuse_routed.rpt
INFO: [Vivado_Tcl 4-1062] Incremental flow is disabled. No incremental reuse Info to report.
INFO: [runtcl-4] Executing : report_clock_utilization -file blink_clock_utilization_routed.rpt
INFO: [runtcl-4] Executing : report_bus_skew -warn_on_violation -file blink_bus_skew_routed.rpt -pb blink_bus_skew_routed.pb -rpx blink_bus_skew_routed.rpx
INFO: [Timing 38-91] UpdateTimingParams: Speed grade: -1, Delay Type: min_max.
INFO: [Timing 38-191] Multithreading enabled for timing update using a maximum of 8 CPUs
Command: write_bitstream -force blink.bit
Attempting to get a license for feature 'Implementation' and/or device 'xc7z020'
INFO: [Common 17-349] Got license for feature 'Implementation' and/or device 'xc7z020'
Running DRC as a precondition to command write_bitstream
INFO: [IP_Flow 19-1839] IP Catalog is up to date.
INFO: [DRC 23-27] Running DRC with 8 threads
WARNING: [DRC ZPS7-1] PS7 block required: The PS7 cell must be used in this Zynq design in order to enable correct default configuration.
INFO: [Vivado 12-3199] DRC finished with 0 Errors, 1 Warnings
INFO: [Vivado 12-3200] Please refer to the DRC report (report_drc) for more information.
INFO: [Designutils 20-2272] Running write_bitstream with 8 threads.
Loading data files...
Loading site data...
Loading route data...
Processing options...
Creating bitmap...
Creating bitstream...
Writing bitstream ./blink.bit...
INFO: [Vivado 12-1842] Bitgen Completed Successfully.
INFO: [Project 1-120] WebTalk data collection is mandatory when using a WebPACK part without a full Vivado license. To see the specific WebTalk data collected for your design, open the usage_statistics_webtalk.html or usage_statistics_webtalk.xml file in the implementation directory.
INFO: [Common 17-186] '/home/javier/Documents/laboratorydigitalverilog/3_BlinkLed/3_BlinkLed.runs/impl_1/usage_statistics_webtalk.xml' has been successfully sent to Xilinx on Mon Mar  9 11:10:44 2020. For additional details about this file, please refer to the WebTalk help file at /tools/Xilinx/Vivado/2019.2/doc/webtalk_introduction.html.
INFO: [Common 17-83] Releasing license: Implementation
113 Infos, 1 Warnings, 0 Critical Warnings and 0 Errors encountered.
write_bitstream completed successfully
write_bitstream: Time (s): cpu = 00:00:09 ; elapsed = 00:00:18 . Memory (MB): peak = 3208.754 ; gain = 202.055 ; free physical = 446 ; free virtual = 3183
INFO: [Common 17-206] Exiting Vivado at Mon Mar  9 11:10:44 2020...
