
*** Running vivado
    with args -log procedure.vds -m64 -product Vivado -mode batch -messageDb vivado.pb -notrace -source procedure.tcl


****** Vivado v2019.2 (64-bit)
  **** SW Build 2708876 on Wed Nov  6 21:39:14 MST 2019
  **** IP Build 2700528 on Thu Nov  7 00:09:20 MST 2019
    ** Copyright 1986-2019 Xilinx, Inc. All Rights Reserved.

source procedure.tcl -notrace
Command: synth_design -top procedure -part xc7z020clg400-1
Starting synth_design
Attempting to get a license for feature 'Synthesis' and/or device 'xc7z020'
INFO: [Common 17-349] Got license for feature 'Synthesis' and/or device 'xc7z020'
INFO: [Device 21-403] Loading part xc7z020clg400-1
INFO: Launching helper process for spawning children vivado processes
INFO: Helper process launched with PID 24295 
---------------------------------------------------------------------------------
Starting RTL Elaboration : Time (s): cpu = 00:00:03 ; elapsed = 00:00:03 . Memory (MB): peak = 1965.184 ; gain = 201.719 ; free physical = 5008 ; free virtual = 16959
---------------------------------------------------------------------------------
INFO: [Synth 8-6157] synthesizing module 'procedure' [/home/javier/Desktop/PracticasDigital/2_Procedure/2_Procedure.srcs/sources_1/new/procedure.v:23]
WARNING: [Synth 8-567] referenced signal 'b' should be on the sensitivity list [/home/javier/Desktop/PracticasDigital/2_Procedure/2_Procedure.srcs/sources_1/new/procedure.v:28]
INFO: [Synth 8-6155] done synthesizing module 'procedure' (1#1) [/home/javier/Desktop/PracticasDigital/2_Procedure/2_Procedure.srcs/sources_1/new/procedure.v:23]
WARNING: [Synth 8-3331] design procedure has unconnected port a
---------------------------------------------------------------------------------
Finished RTL Elaboration : Time (s): cpu = 00:00:03 ; elapsed = 00:00:04 . Memory (MB): peak = 2026.934 ; gain = 263.469 ; free physical = 5033 ; free virtual = 16984
---------------------------------------------------------------------------------

Report Check Netlist: 
+------+------------------+-------+---------+-------+------------------+
|      |Item              |Errors |Warnings |Status |Description       |
+------+------------------+-------+---------+-------+------------------+
|1     |multi_driven_nets |      0|        0|Passed |Multi driven nets |
+------+------------------+-------+---------+-------+------------------+
---------------------------------------------------------------------------------
Start Handling Custom Attributes
---------------------------------------------------------------------------------
---------------------------------------------------------------------------------
Finished Handling Custom Attributes : Time (s): cpu = 00:00:04 ; elapsed = 00:00:05 . Memory (MB): peak = 2029.902 ; gain = 266.438 ; free physical = 5029 ; free virtual = 16980
---------------------------------------------------------------------------------
---------------------------------------------------------------------------------
Finished RTL Optimization Phase 1 : Time (s): cpu = 00:00:04 ; elapsed = 00:00:05 . Memory (MB): peak = 2029.902 ; gain = 266.438 ; free physical = 5029 ; free virtual = 16980
---------------------------------------------------------------------------------
Netlist sorting complete. Time (s): cpu = 00:00:00 ; elapsed = 00:00:00 . Memory (MB): peak = 2029.902 ; gain = 0.000 ; free physical = 5023 ; free virtual = 16974
INFO: [Project 1-570] Preparing netlist for logic optimization

Processing XDC Constraints
Initializing timing engine
Parsing XDC File [/home/javier/Desktop/PracticasDigital/2_Procedure/2_Procedure.srcs/constrs_1/new/procedureConstrains.xdc]
Finished Parsing XDC File [/home/javier/Desktop/PracticasDigital/2_Procedure/2_Procedure.srcs/constrs_1/new/procedureConstrains.xdc]
INFO: [Project 1-236] Implementation specific constraints were found while reading constraint file [/home/javier/Desktop/PracticasDigital/2_Procedure/2_Procedure.srcs/constrs_1/new/procedureConstrains.xdc]. These constraints will be ignored for synthesis but will be used in implementation. Impacted constraints are listed in the file [.Xil/procedure_propImpl.xdc].
Resolution: To avoid this warning, move constraints listed in [.Xil/procedure_propImpl.xdc] to another XDC file and exclude this new file from synthesis with the used_in_synthesis property (File Properties dialog in GUI) and re-run elaboration/synthesis.
Completed Processing XDC Constraints

Netlist sorting complete. Time (s): cpu = 00:00:00 ; elapsed = 00:00:00 . Memory (MB): peak = 2134.684 ; gain = 0.000 ; free physical = 4939 ; free virtual = 16890
INFO: [Project 1-111] Unisim Transformation Summary:
No Unisim elements were transformed.

Constraint Validation Runtime : Time (s): cpu = 00:00:00 ; elapsed = 00:00:00 . Memory (MB): peak = 2134.684 ; gain = 0.000 ; free physical = 4939 ; free virtual = 16890
---------------------------------------------------------------------------------
Finished Constraint Validation : Time (s): cpu = 00:00:08 ; elapsed = 00:00:10 . Memory (MB): peak = 2134.684 ; gain = 371.219 ; free physical = 5001 ; free virtual = 16952
---------------------------------------------------------------------------------
---------------------------------------------------------------------------------
Start Loading Part and Timing Information
---------------------------------------------------------------------------------
Loading part: xc7z020clg400-1
---------------------------------------------------------------------------------
Finished Loading Part and Timing Information : Time (s): cpu = 00:00:08 ; elapsed = 00:00:10 . Memory (MB): peak = 2134.684 ; gain = 371.219 ; free physical = 5004 ; free virtual = 16955
---------------------------------------------------------------------------------
---------------------------------------------------------------------------------
Start Applying 'set_property' XDC Constraints
---------------------------------------------------------------------------------
---------------------------------------------------------------------------------
Finished applying 'set_property' XDC Constraints : Time (s): cpu = 00:00:08 ; elapsed = 00:00:10 . Memory (MB): peak = 2134.684 ; gain = 371.219 ; free physical = 5004 ; free virtual = 16955
---------------------------------------------------------------------------------
WARNING: [Synth 8-327] inferring latch for variable 'x_reg' [/home/javier/Desktop/PracticasDigital/2_Procedure/2_Procedure.srcs/sources_1/new/procedure.v:31]
---------------------------------------------------------------------------------
Finished RTL Optimization Phase 2 : Time (s): cpu = 00:00:08 ; elapsed = 00:00:10 . Memory (MB): peak = 2134.684 ; gain = 371.219 ; free physical = 4996 ; free virtual = 16948
---------------------------------------------------------------------------------

Report RTL Partitions: 
+-+--------------+------------+----------+
| |RTL Partition |Replication |Instances |
+-+--------------+------------+----------+
+-+--------------+------------+----------+
---------------------------------------------------------------------------------
Start RTL Component Statistics 
---------------------------------------------------------------------------------
Detailed RTL Component Info : 
+---Muxes : 
	   3 Input      3 Bit        Muxes := 1     
---------------------------------------------------------------------------------
Finished RTL Component Statistics 
---------------------------------------------------------------------------------
---------------------------------------------------------------------------------
Start RTL Hierarchical Component Statistics 
---------------------------------------------------------------------------------
Hierarchical RTL Component report 
Module procedure 
Detailed RTL Component Info : 
+---Muxes : 
	   3 Input      3 Bit        Muxes := 1     
---------------------------------------------------------------------------------
Finished RTL Hierarchical Component Statistics
---------------------------------------------------------------------------------
---------------------------------------------------------------------------------
Start Part Resource Summary
---------------------------------------------------------------------------------
Part Resources:
DSPs: 220 (col length:60)
BRAMs: 280 (col length: RAMB18 60 RAMB36 30)
---------------------------------------------------------------------------------
Finished Part Resource Summary
---------------------------------------------------------------------------------
---------------------------------------------------------------------------------
Start Cross Boundary and Area Optimization
---------------------------------------------------------------------------------
Warning: Parallel synthesis criteria is not met 
WARNING: [Synth 8-3331] design procedure has unconnected port a
---------------------------------------------------------------------------------
Finished Cross Boundary and Area Optimization : Time (s): cpu = 00:00:08 ; elapsed = 00:00:10 . Memory (MB): peak = 2134.684 ; gain = 371.219 ; free physical = 4982 ; free virtual = 16937
---------------------------------------------------------------------------------

Report RTL Partitions: 
+-+--------------+------------+----------+
| |RTL Partition |Replication |Instances |
+-+--------------+------------+----------+
+-+--------------+------------+----------+
---------------------------------------------------------------------------------
Start Applying XDC Timing Constraints
---------------------------------------------------------------------------------
---------------------------------------------------------------------------------
Finished Applying XDC Timing Constraints : Time (s): cpu = 00:00:13 ; elapsed = 00:00:16 . Memory (MB): peak = 2134.684 ; gain = 371.219 ; free physical = 4858 ; free virtual = 16812
---------------------------------------------------------------------------------
---------------------------------------------------------------------------------
Start Timing Optimization
---------------------------------------------------------------------------------
---------------------------------------------------------------------------------
Finished Timing Optimization : Time (s): cpu = 00:00:13 ; elapsed = 00:00:16 . Memory (MB): peak = 2134.684 ; gain = 371.219 ; free physical = 4858 ; free virtual = 16812
---------------------------------------------------------------------------------

Report RTL Partitions: 
+-+--------------+------------+----------+
| |RTL Partition |Replication |Instances |
+-+--------------+------------+----------+
+-+--------------+------------+----------+
---------------------------------------------------------------------------------
Start Technology Mapping
---------------------------------------------------------------------------------
---------------------------------------------------------------------------------
Finished Technology Mapping : Time (s): cpu = 00:00:13 ; elapsed = 00:00:16 . Memory (MB): peak = 2134.684 ; gain = 371.219 ; free physical = 4857 ; free virtual = 16812
---------------------------------------------------------------------------------

Report RTL Partitions: 
+-+--------------+------------+----------+
| |RTL Partition |Replication |Instances |
+-+--------------+------------+----------+
+-+--------------+------------+----------+
---------------------------------------------------------------------------------
Start IO Insertion
---------------------------------------------------------------------------------
---------------------------------------------------------------------------------
Start Flattening Before IO Insertion
---------------------------------------------------------------------------------
---------------------------------------------------------------------------------
Finished Flattening Before IO Insertion
---------------------------------------------------------------------------------
---------------------------------------------------------------------------------
Start Final Netlist Cleanup
---------------------------------------------------------------------------------
---------------------------------------------------------------------------------
Finished Final Netlist Cleanup
---------------------------------------------------------------------------------
---------------------------------------------------------------------------------
Finished IO Insertion : Time (s): cpu = 00:00:16 ; elapsed = 00:00:18 . Memory (MB): peak = 2140.527 ; gain = 377.062 ; free physical = 4857 ; free virtual = 16812
---------------------------------------------------------------------------------
---------------------------------------------------------------------------------
Start Renaming Generated Instances
---------------------------------------------------------------------------------
---------------------------------------------------------------------------------
Finished Renaming Generated Instances : Time (s): cpu = 00:00:16 ; elapsed = 00:00:18 . Memory (MB): peak = 2140.527 ; gain = 377.062 ; free physical = 4857 ; free virtual = 16812
---------------------------------------------------------------------------------

Report RTL Partitions: 
+-+--------------+------------+----------+
| |RTL Partition |Replication |Instances |
+-+--------------+------------+----------+
+-+--------------+------------+----------+

Report Check Netlist: 
+------+------------------+-------+---------+-------+------------------+
|      |Item              |Errors |Warnings |Status |Description       |
+------+------------------+-------+---------+-------+------------------+
|1     |multi_driven_nets |      0|        0|Passed |Multi driven nets |
+------+------------------+-------+---------+-------+------------------+
---------------------------------------------------------------------------------
Start Rebuilding User Hierarchy
---------------------------------------------------------------------------------
---------------------------------------------------------------------------------
Finished Rebuilding User Hierarchy : Time (s): cpu = 00:00:16 ; elapsed = 00:00:18 . Memory (MB): peak = 2140.527 ; gain = 377.062 ; free physical = 4857 ; free virtual = 16812
---------------------------------------------------------------------------------
---------------------------------------------------------------------------------
Start Renaming Generated Ports
---------------------------------------------------------------------------------
---------------------------------------------------------------------------------
Finished Renaming Generated Ports : Time (s): cpu = 00:00:16 ; elapsed = 00:00:18 . Memory (MB): peak = 2140.527 ; gain = 377.062 ; free physical = 4857 ; free virtual = 16812
---------------------------------------------------------------------------------
---------------------------------------------------------------------------------
Start Handling Custom Attributes
---------------------------------------------------------------------------------
---------------------------------------------------------------------------------
Finished Handling Custom Attributes : Time (s): cpu = 00:00:16 ; elapsed = 00:00:18 . Memory (MB): peak = 2140.527 ; gain = 377.062 ; free physical = 4857 ; free virtual = 16812
---------------------------------------------------------------------------------
---------------------------------------------------------------------------------
Start Renaming Generated Nets
---------------------------------------------------------------------------------
---------------------------------------------------------------------------------
Finished Renaming Generated Nets : Time (s): cpu = 00:00:16 ; elapsed = 00:00:18 . Memory (MB): peak = 2140.527 ; gain = 377.062 ; free physical = 4857 ; free virtual = 16812
---------------------------------------------------------------------------------
---------------------------------------------------------------------------------
Start Writing Synthesis Report
---------------------------------------------------------------------------------

Report BlackBoxes: 
+-+--------------+----------+
| |BlackBox name |Instances |
+-+--------------+----------+
+-+--------------+----------+

Report Cell Usage: 
+------+-----+------+
|      |Cell |Count |
+------+-----+------+
|1     |BUFG |     1|
|2     |LUT1 |     1|
|3     |LUT2 |     1|
|4     |LDCP |     2|
|5     |LDP  |     1|
|6     |IBUF |     2|
|7     |OBUF |     3|
+------+-----+------+

Report Instance Areas: 
+------+---------+-------+------+
|      |Instance |Module |Cells |
+------+---------+-------+------+
|1     |top      |       |    11|
+------+---------+-------+------+
---------------------------------------------------------------------------------
Finished Writing Synthesis Report : Time (s): cpu = 00:00:16 ; elapsed = 00:00:18 . Memory (MB): peak = 2140.527 ; gain = 377.062 ; free physical = 4857 ; free virtual = 16812
---------------------------------------------------------------------------------
Synthesis finished with 0 errors, 0 critical warnings and 2 warnings.
Synthesis Optimization Runtime : Time (s): cpu = 00:00:14 ; elapsed = 00:00:17 . Memory (MB): peak = 2140.527 ; gain = 272.281 ; free physical = 4912 ; free virtual = 16867
Synthesis Optimization Complete : Time (s): cpu = 00:00:16 ; elapsed = 00:00:18 . Memory (MB): peak = 2140.535 ; gain = 377.062 ; free physical = 4912 ; free virtual = 16867
INFO: [Project 1-571] Translating synthesized netlist
Netlist sorting complete. Time (s): cpu = 00:00:00 ; elapsed = 00:00:00 . Memory (MB): peak = 2140.535 ; gain = 0.000 ; free physical = 4985 ; free virtual = 16940
INFO: [Netlist 29-17] Analyzing 3 Unisim elements for replacement
INFO: [Netlist 29-28] Unisim Transformation completed in 0 CPU seconds
INFO: [Project 1-570] Preparing netlist for logic optimization
INFO: [Opt 31-138] Pushed 1 inverter(s) to 3 load pin(s).
Netlist sorting complete. Time (s): cpu = 00:00:00 ; elapsed = 00:00:00 . Memory (MB): peak = 2147.465 ; gain = 0.000 ; free physical = 4926 ; free virtual = 16880
INFO: [Project 1-111] Unisim Transformation Summary:
  A total of 3 instances were transformed.
  LDCP => LDCP (inverted pins: G) (GND, LDCE, LUT3(x2), VCC): 2 instances
  LDP => LDPE (inverted pins: G): 1 instance 

INFO: [Common 17-83] Releasing license: Synthesis
14 Infos, 4 Warnings, 0 Critical Warnings and 0 Errors encountered.
synth_design completed successfully
synth_design: Time (s): cpu = 00:00:21 ; elapsed = 00:00:27 . Memory (MB): peak = 2147.465 ; gain = 658.344 ; free physical = 5055 ; free virtual = 17010
Netlist sorting complete. Time (s): cpu = 00:00:00 ; elapsed = 00:00:00 . Memory (MB): peak = 2147.465 ; gain = 0.000 ; free physical = 5055 ; free virtual = 17010
WARNING: [Constraints 18-5210] No constraints selected for write.
Resolution: This message can indicate that there are no constraints for the design, or it can indicate that the used_in flags are set such that the constraints are ignored. This later case is used when running synth_design to not write synthesis constraints to the resulting checkpoint. Instead, project constraints are read when the synthesized design is opened.
INFO: [Common 17-1381] The checkpoint '/home/javier/Desktop/PracticasDigital/2_Procedure/2_Procedure.runs/synth_1/procedure.dcp' has been generated.
INFO: [runtcl-4] Executing : report_utilization -file procedure_utilization_synth.rpt -pb procedure_utilization_synth.pb
INFO: [Common 17-206] Exiting Vivado at Sat Dec  7 21:05:54 2019...
